7237
null
9161
7904
8758
6579
7847
2086
2087
14488
222
222
23967
23969
2256
5355457
2314
9153
9158
139073
727
727
727
8115
6331
15531
23973
2566
30773
8078
23994
313
7964
null
312
23978
335
29131
3017
3024
3030
39985
10943
11
10900
8449
6573
11243
11243
887
7040
7771
8461
3120
7944
3224
3224
3224
5352426
5984
6837
996
996
14917
9154
24524
24524



13930
8370
727
23925
9131
28486
4004
23930
23931
4130
4169


934
3030
39985
11





23954
3061
533
5216
402
67634
5392
25670
31373
1140
6413
5543
13
27582
4169
7237
