8758
7847
2086
2087
14488
222
23969
2256
5355457
2314
139073
727
727
NaN
10967
NaN
8343
6331
15531
23973
2566
30773
23994
7964
NaN
23978
23976
29131
3017
NaN
3030
39985
4685
11
10900
10900
8449
11243
7771
8461
3120
NaN
6837
996
9154
24524
4790
3496
13930
8370
23925
4004
NaN
NaN
4130
4169
30479
934
15938
36231
23448
NaN
NaN
17097
NaN
36188
38018
NaN
23954
3061
533
5216
67634
5392
NaN
31373
1140
6413
5543
27582
7237
9161
6579
23967
727
10943
6573
NaN
NaN
8461
3224
3224
727
13
7239
3224
14917
NaN
9153
9158
5352426
NaN
NaN
7904
8078
313
312
335
7040
1118
402
NaN
