8758
7847
2086
2087
14488
222
23969
2256
5355457
2314
139073
727
727
8115
10967
7944
8343
6331
15531
23973
2566
30773
23994
7964
null
23978
23976
29131
3017
3024
3030
39985
4685
10900
10900
8449
11243
7771
8461
3120
5984
6837
996
9154
24524
4790
3496
13930
8370
23925
4004
23930
23931
4130
4169
30479
934
15938
36231
23448
null
null
17097
36400
36188
38018
11855
23954
5216
67634
5392
25670
31373
1140
6413
5543
27582
7237
9161
6579
23967
727
10943
6573
11243
887
8461
14917
28486
9153
9158
5352426
9131
31423
7904
8078
313
312
335
7040
1118
402
null
null
